[debug] [2025-07-11T20:34:25.065Z] Checked if tokens are valid: false, expires at: 1752266547010
[debug] [2025-07-11T20:34:25.067Z] Checked if tokens are valid: false, expires at: 1752266547010
[debug] [2025-07-11T20:34:25.067Z] > refreshing access token with scopes: []
[debug] [2025-07-11T20:34:25.069Z] >>> [apiv2][query] POST https://www.googleapis.com/oauth2/v3/token [none]
[debug] [2025-07-11T20:34:25.069Z] >>> [apiv2][body] POST https://www.googleapis.com/oauth2/v3/token [omitted]
[debug] [2025-07-11T20:34:25.101Z] Checked if tokens are valid: false, expires at: 1752266547010
[debug] [2025-07-11T20:34:25.101Z] Checked if tokens are valid: false, expires at: 1752266547010
[debug] [2025-07-11T20:34:25.101Z] > refreshing access token with scopes: []
[debug] [2025-07-11T20:34:25.102Z] >>> [apiv2][query] POST https://www.googleapis.com/oauth2/v3/token [none]
[debug] [2025-07-11T20:34:25.102Z] >>> [apiv2][body] POST https://www.googleapis.com/oauth2/v3/token [omitted]
[debug] [2025-07-11T20:34:25.103Z] Checked if tokens are valid: false, expires at: 1752266547010
[debug] [2025-07-11T20:34:25.104Z] Checked if tokens are valid: false, expires at: 1752266547010
[debug] [2025-07-11T20:34:25.104Z] > refreshing access token with scopes: []
[debug] [2025-07-11T20:34:25.104Z] >>> [apiv2][query] POST https://www.googleapis.com/oauth2/v3/token [none]
[debug] [2025-07-11T20:34:25.104Z] >>> [apiv2][body] POST https://www.googleapis.com/oauth2/v3/token [omitted]
[debug] [2025-07-11T20:34:25.105Z] Checked if tokens are valid: false, expires at: 1752266547010
[debug] [2025-07-11T20:34:25.105Z] Checked if tokens are valid: false, expires at: 1752266547010
[debug] [2025-07-11T20:34:25.105Z] > refreshing access token with scopes: []
[debug] [2025-07-11T20:34:25.105Z] >>> [apiv2][query] POST https://www.googleapis.com/oauth2/v3/token [none]
[debug] [2025-07-11T20:34:25.105Z] >>> [apiv2][body] POST https://www.googleapis.com/oauth2/v3/token [omitted]
[debug] [2025-07-11T20:34:25.106Z] Checked if tokens are valid: false, expires at: 1752266547010
[debug] [2025-07-11T20:34:25.106Z] Checked if tokens are valid: false, expires at: 1752266547010
[debug] [2025-07-11T20:34:25.106Z] > refreshing access token with scopes: []
[debug] [2025-07-11T20:34:25.106Z] >>> [apiv2][query] POST https://www.googleapis.com/oauth2/v3/token [none]
[debug] [2025-07-11T20:34:25.106Z] >>> [apiv2][body] POST https://www.googleapis.com/oauth2/v3/token [omitted]
[debug] [2025-07-11T20:34:25.107Z] Checked if tokens are valid: false, expires at: 1752266547010
[debug] [2025-07-11T20:34:25.108Z] Checked if tokens are valid: false, expires at: 1752266547010
[debug] [2025-07-11T20:34:25.108Z] > refreshing access token with scopes: []
[debug] [2025-07-11T20:34:25.108Z] >>> [apiv2][query] POST https://www.googleapis.com/oauth2/v3/token [none]
[debug] [2025-07-11T20:34:25.108Z] >>> [apiv2][body] POST https://www.googleapis.com/oauth2/v3/token [omitted]
[debug] [2025-07-11T20:34:25.131Z] Checked if tokens are valid: false, expires at: 1752266547010
[debug] [2025-07-11T20:34:25.131Z] Checked if tokens are valid: false, expires at: 1752266547010
[debug] [2025-07-11T20:34:25.131Z] > refreshing access token with scopes: []
[debug] [2025-07-11T20:34:25.132Z] >>> [apiv2][query] POST https://www.googleapis.com/oauth2/v3/token [none]
[debug] [2025-07-11T20:34:25.132Z] >>> [apiv2][body] POST https://www.googleapis.com/oauth2/v3/token [omitted]
[debug] [2025-07-11T20:34:25.133Z] Checked if tokens are valid: false, expires at: 1752266547010
[debug] [2025-07-11T20:34:25.133Z] Checked if tokens are valid: false, expires at: 1752266547010
[debug] [2025-07-11T20:34:25.133Z] > refreshing access token with scopes: []
[debug] [2025-07-11T20:34:25.134Z] >>> [apiv2][query] POST https://www.googleapis.com/oauth2/v3/token [none]
[debug] [2025-07-11T20:34:25.134Z] >>> [apiv2][body] POST https://www.googleapis.com/oauth2/v3/token [omitted]
[debug] [2025-07-11T20:34:25.137Z] Checked if tokens are valid: false, expires at: 1752266547010
[debug] [2025-07-11T20:34:25.137Z] Checked if tokens are valid: false, expires at: 1752266547010
[debug] [2025-07-11T20:34:25.137Z] > refreshing access token with scopes: []
[debug] [2025-07-11T20:34:25.137Z] >>> [apiv2][query] POST https://www.googleapis.com/oauth2/v3/token [none]
[debug] [2025-07-11T20:34:25.137Z] >>> [apiv2][body] POST https://www.googleapis.com/oauth2/v3/token [omitted]
[debug] [2025-07-11T20:34:25.140Z] Checked if tokens are valid: false, expires at: 1752266547010
[debug] [2025-07-11T20:34:25.140Z] Checked if tokens are valid: false, expires at: 1752266547010
[debug] [2025-07-11T20:34:25.140Z] > refreshing access token with scopes: []
[debug] [2025-07-11T20:34:25.140Z] >>> [apiv2][query] POST https://www.googleapis.com/oauth2/v3/token [none]
[debug] [2025-07-11T20:34:25.140Z] >>> [apiv2][body] POST https://www.googleapis.com/oauth2/v3/token [omitted]
[debug] [2025-07-11T20:34:25.142Z] Checked if tokens are valid: false, expires at: 1752266547010
[debug] [2025-07-11T20:34:25.142Z] Checked if tokens are valid: false, expires at: 1752266547010
[debug] [2025-07-11T20:34:25.142Z] > refreshing access token with scopes: []
[debug] [2025-07-11T20:34:25.142Z] >>> [apiv2][query] POST https://www.googleapis.com/oauth2/v3/token [none]
[debug] [2025-07-11T20:34:25.142Z] >>> [apiv2][body] POST https://www.googleapis.com/oauth2/v3/token [omitted]
[debug] [2025-07-11T20:34:25.143Z] Checked if tokens are valid: false, expires at: 1752266547010
[debug] [2025-07-11T20:34:25.143Z] Checked if tokens are valid: false, expires at: 1752266547010
[debug] [2025-07-11T20:34:25.143Z] > refreshing access token with scopes: []
[debug] [2025-07-11T20:34:25.143Z] >>> [apiv2][query] POST https://www.googleapis.com/oauth2/v3/token [none]
[debug] [2025-07-11T20:34:25.144Z] >>> [apiv2][body] POST https://www.googleapis.com/oauth2/v3/token [omitted]
[debug] [2025-07-11T20:34:25.212Z] <<< [apiv2][status] POST https://www.googleapis.com/oauth2/v3/token 200
[debug] [2025-07-11T20:34:25.212Z] <<< [apiv2][body] POST https://www.googleapis.com/oauth2/v3/token [omitted]
[debug] [2025-07-11T20:34:25.219Z] >>> [apiv2][query] GET https://serviceusage.googleapis.com/v1/projects/club-surveys/services/firebasedataconnect.googleapis.com [none]
[debug] [2025-07-11T20:34:25.220Z] >>> [apiv2][(partial)header] GET https://serviceusage.googleapis.com/v1/projects/club-surveys/services/firebasedataconnect.googleapis.com x-goog-quota-user=projects/club-surveys
[debug] [2025-07-11T20:34:25.221Z] <<< [apiv2][status] POST https://www.googleapis.com/oauth2/v3/token 200
[debug] [2025-07-11T20:34:25.221Z] <<< [apiv2][body] POST https://www.googleapis.com/oauth2/v3/token [omitted]
[debug] [2025-07-11T20:34:25.227Z] >>> [apiv2][query] GET https://serviceusage.googleapis.com/v1/projects/club-surveys/services/firebasecrashlytics.googleapis.com [none]
[debug] [2025-07-11T20:34:25.227Z] >>> [apiv2][(partial)header] GET https://serviceusage.googleapis.com/v1/projects/club-surveys/services/firebasecrashlytics.googleapis.com x-goog-quota-user=projects/club-surveys
[debug] [2025-07-11T20:34:25.228Z] <<< [apiv2][status] POST https://www.googleapis.com/oauth2/v3/token 200
[debug] [2025-07-11T20:34:25.228Z] <<< [apiv2][body] POST https://www.googleapis.com/oauth2/v3/token [omitted]
[debug] [2025-07-11T20:34:25.234Z] >>> [apiv2][query] GET https://serviceusage.googleapis.com/v1/projects/club-surveys/services/firebaseapphosting.googleapis.com [none]
[debug] [2025-07-11T20:34:25.234Z] >>> [apiv2][(partial)header] GET https://serviceusage.googleapis.com/v1/projects/club-surveys/services/firebaseapphosting.googleapis.com x-goog-quota-user=projects/club-surveys
[debug] [2025-07-11T20:34:25.237Z] <<< [apiv2][status] POST https://www.googleapis.com/oauth2/v3/token 200
[debug] [2025-07-11T20:34:25.237Z] <<< [apiv2][body] POST https://www.googleapis.com/oauth2/v3/token [omitted]
[debug] [2025-07-11T20:34:25.242Z] >>> [apiv2][query] GET https://serviceusage.googleapis.com/v1/projects/club-surveys/services/fcm.googleapis.com [none]
[debug] [2025-07-11T20:34:25.242Z] >>> [apiv2][(partial)header] GET https://serviceusage.googleapis.com/v1/projects/club-surveys/services/fcm.googleapis.com x-goog-quota-user=projects/club-surveys
[debug] [2025-07-11T20:34:25.243Z] <<< [apiv2][status] POST https://www.googleapis.com/oauth2/v3/token 200
[debug] [2025-07-11T20:34:25.243Z] <<< [apiv2][body] POST https://www.googleapis.com/oauth2/v3/token [omitted]
[debug] [2025-07-11T20:34:25.248Z] >>> [apiv2][query] GET https://serviceusage.googleapis.com/v1/projects/club-surveys/services/firebaseremoteconfig.googleapis.com [none]
[debug] [2025-07-11T20:34:25.248Z] >>> [apiv2][(partial)header] GET https://serviceusage.googleapis.com/v1/projects/club-surveys/services/firebaseremoteconfig.googleapis.com x-goog-quota-user=projects/club-surveys
[debug] [2025-07-11T20:34:25.250Z] <<< [apiv2][status] POST https://www.googleapis.com/oauth2/v3/token 200
[debug] [2025-07-11T20:34:25.250Z] <<< [apiv2][body] POST https://www.googleapis.com/oauth2/v3/token [omitted]
[debug] [2025-07-11T20:34:25.256Z] >>> [apiv2][query] GET https://serviceusage.googleapis.com/v1/projects/club-surveys/services/identitytoolkit.googleapis.com [none]
[debug] [2025-07-11T20:34:25.256Z] >>> [apiv2][(partial)header] GET https://serviceusage.googleapis.com/v1/projects/club-surveys/services/identitytoolkit.googleapis.com x-goog-quota-user=projects/club-surveys
[debug] [2025-07-11T20:34:25.259Z] <<< [apiv2][status] POST https://www.googleapis.com/oauth2/v3/token 200
[debug] [2025-07-11T20:34:25.259Z] <<< [apiv2][body] POST https://www.googleapis.com/oauth2/v3/token [omitted]
[debug] [2025-07-11T20:34:25.265Z] >>> [apiv2][query] GET https://serviceusage.googleapis.com/v1/projects/club-surveys/services/firebasedataconnect.googleapis.com [none]
[debug] [2025-07-11T20:34:25.265Z] >>> [apiv2][(partial)header] GET https://serviceusage.googleapis.com/v1/projects/club-surveys/services/firebasedataconnect.googleapis.com x-goog-quota-user=projects/club-surveys
[debug] [2025-07-11T20:34:25.267Z] <<< [apiv2][status] POST https://www.googleapis.com/oauth2/v3/token 200
[debug] [2025-07-11T20:34:25.267Z] <<< [apiv2][body] POST https://www.googleapis.com/oauth2/v3/token [omitted]
[debug] [2025-07-11T20:34:25.272Z] >>> [apiv2][query] GET https://serviceusage.googleapis.com/v1/projects/club-surveys/services/firebaseapphosting.googleapis.com [none]
[debug] [2025-07-11T20:34:25.272Z] >>> [apiv2][(partial)header] GET https://serviceusage.googleapis.com/v1/projects/club-surveys/services/firebaseapphosting.googleapis.com x-goog-quota-user=projects/club-surveys
[debug] [2025-07-11T20:34:25.274Z] <<< [apiv2][status] POST https://www.googleapis.com/oauth2/v3/token 200
[debug] [2025-07-11T20:34:25.274Z] <<< [apiv2][body] POST https://www.googleapis.com/oauth2/v3/token [omitted]
[debug] [2025-07-11T20:34:25.280Z] >>> [apiv2][query] GET https://serviceusage.googleapis.com/v1/projects/club-surveys/services/fcm.googleapis.com [none]
[debug] [2025-07-11T20:34:25.280Z] >>> [apiv2][(partial)header] GET https://serviceusage.googleapis.com/v1/projects/club-surveys/services/fcm.googleapis.com x-goog-quota-user=projects/club-surveys
[debug] [2025-07-11T20:34:25.282Z] <<< [apiv2][status] POST https://www.googleapis.com/oauth2/v3/token 200
[debug] [2025-07-11T20:34:25.282Z] <<< [apiv2][body] POST https://www.googleapis.com/oauth2/v3/token [omitted]
[debug] [2025-07-11T20:34:25.286Z] >>> [apiv2][query] GET https://serviceusage.googleapis.com/v1/projects/club-surveys/services/firebasecrashlytics.googleapis.com [none]
[debug] [2025-07-11T20:34:25.287Z] >>> [apiv2][(partial)header] GET https://serviceusage.googleapis.com/v1/projects/club-surveys/services/firebasecrashlytics.googleapis.com x-goog-quota-user=projects/club-surveys
[debug] [2025-07-11T20:34:25.288Z] <<< [apiv2][status] POST https://www.googleapis.com/oauth2/v3/token 200
[debug] [2025-07-11T20:34:25.289Z] <<< [apiv2][body] POST https://www.googleapis.com/oauth2/v3/token [omitted]
[debug] [2025-07-11T20:34:25.293Z] >>> [apiv2][query] GET https://serviceusage.googleapis.com/v1/projects/club-surveys/services/identitytoolkit.googleapis.com [none]
[debug] [2025-07-11T20:34:25.293Z] >>> [apiv2][(partial)header] GET https://serviceusage.googleapis.com/v1/projects/club-surveys/services/identitytoolkit.googleapis.com x-goog-quota-user=projects/club-surveys
[debug] [2025-07-11T20:34:25.315Z] <<< [apiv2][status] POST https://www.googleapis.com/oauth2/v3/token 200
[debug] [2025-07-11T20:34:25.315Z] <<< [apiv2][body] POST https://www.googleapis.com/oauth2/v3/token [omitted]
[debug] [2025-07-11T20:34:25.320Z] >>> [apiv2][query] GET https://serviceusage.googleapis.com/v1/projects/club-surveys/services/firebaseremoteconfig.googleapis.com [none]
[debug] [2025-07-11T20:34:25.320Z] >>> [apiv2][(partial)header] GET https://serviceusage.googleapis.com/v1/projects/club-surveys/services/firebaseremoteconfig.googleapis.com x-goog-quota-user=projects/club-surveys
[debug] [2025-07-11T20:34:26.125Z] <<< [apiv2][status] GET https://serviceusage.googleapis.com/v1/projects/club-surveys/services/fcm.googleapis.com 200
[debug] [2025-07-11T20:34:26.126Z] <<< [apiv2][body] GET https://serviceusage.googleapis.com/v1/projects/club-surveys/services/fcm.googleapis.com [omitted]
[debug] [2025-07-11T20:34:26.142Z] <<< [apiv2][status] GET https://serviceusage.googleapis.com/v1/projects/club-surveys/services/firebaseapphosting.googleapis.com 200
[debug] [2025-07-11T20:34:26.142Z] <<< [apiv2][body] GET https://serviceusage.googleapis.com/v1/projects/club-surveys/services/firebaseapphosting.googleapis.com [omitted]
[debug] [2025-07-11T20:34:26.143Z] <<< [apiv2][status] GET https://serviceusage.googleapis.com/v1/projects/club-surveys/services/firebaseremoteconfig.googleapis.com 200
[debug] [2025-07-11T20:34:26.143Z] <<< [apiv2][body] GET https://serviceusage.googleapis.com/v1/projects/club-surveys/services/firebaseremoteconfig.googleapis.com [omitted]
[debug] [2025-07-11T20:34:26.148Z] <<< [apiv2][status] GET https://serviceusage.googleapis.com/v1/projects/club-surveys/services/firebasedataconnect.googleapis.com 200
[debug] [2025-07-11T20:34:26.148Z] <<< [apiv2][body] GET https://serviceusage.googleapis.com/v1/projects/club-surveys/services/firebasedataconnect.googleapis.com [omitted]
[debug] [2025-07-11T20:34:26.149Z] <<< [apiv2][status] GET https://serviceusage.googleapis.com/v1/projects/club-surveys/services/identitytoolkit.googleapis.com 200
[debug] [2025-07-11T20:34:26.149Z] <<< [apiv2][body] GET https://serviceusage.googleapis.com/v1/projects/club-surveys/services/identitytoolkit.googleapis.com [omitted]
[debug] [2025-07-11T20:34:26.172Z] <<< [apiv2][status] GET https://serviceusage.googleapis.com/v1/projects/club-surveys/services/firebasecrashlytics.googleapis.com 200
[debug] [2025-07-11T20:34:26.172Z] <<< [apiv2][body] GET https://serviceusage.googleapis.com/v1/projects/club-surveys/services/firebasecrashlytics.googleapis.com [omitted]
[debug] [2025-07-11T20:34:26.962Z] <<< [apiv2][status] GET https://serviceusage.googleapis.com/v1/projects/club-surveys/services/firebaseapphosting.googleapis.com 200
[debug] [2025-07-11T20:34:26.962Z] <<< [apiv2][body] GET https://serviceusage.googleapis.com/v1/projects/club-surveys/services/firebaseapphosting.googleapis.com [omitted]
[debug] [2025-07-11T20:34:26.962Z] <<< [apiv2][status] GET https://serviceusage.googleapis.com/v1/projects/club-surveys/services/fcm.googleapis.com 200
[debug] [2025-07-11T20:34:26.963Z] <<< [apiv2][body] GET https://serviceusage.googleapis.com/v1/projects/club-surveys/services/fcm.googleapis.com [omitted]
[debug] [2025-07-11T20:34:26.969Z] <<< [apiv2][status] GET https://serviceusage.googleapis.com/v1/projects/club-surveys/services/firebaseremoteconfig.googleapis.com 200
[debug] [2025-07-11T20:34:26.969Z] <<< [apiv2][body] GET https://serviceusage.googleapis.com/v1/projects/club-surveys/services/firebaseremoteconfig.googleapis.com [omitted]
[debug] [2025-07-11T20:34:26.978Z] <<< [apiv2][status] GET https://serviceusage.googleapis.com/v1/projects/club-surveys/services/firebasedataconnect.googleapis.com 200
[debug] [2025-07-11T20:34:26.978Z] <<< [apiv2][body] GET https://serviceusage.googleapis.com/v1/projects/club-surveys/services/firebasedataconnect.googleapis.com [omitted]
[debug] [2025-07-11T20:34:26.979Z] <<< [apiv2][status] GET https://serviceusage.googleapis.com/v1/projects/club-surveys/services/identitytoolkit.googleapis.com 200
[debug] [2025-07-11T20:34:26.979Z] <<< [apiv2][body] GET https://serviceusage.googleapis.com/v1/projects/club-surveys/services/identitytoolkit.googleapis.com [omitted]
[debug] [2025-07-11T20:34:26.983Z] <<< [apiv2][status] GET https://serviceusage.googleapis.com/v1/projects/club-surveys/services/firebasecrashlytics.googleapis.com 200
[debug] [2025-07-11T20:34:26.983Z] <<< [apiv2][body] GET https://serviceusage.googleapis.com/v1/projects/club-surveys/services/firebasecrashlytics.googleapis.com [omitted]
[debug] [2025-07-11T20:34:27.005Z] > command requires scopes: ["email","openid","https://www.googleapis.com/auth/cloudplatformprojects.readonly","https://www.googleapis.com/auth/firebase","https://www.googleapis.com/auth/cloud-platform"]
[debug] [2025-07-11T20:34:27.006Z] > authorizing via signed-in user (peta.herian@gmail.com)
[debug] [2025-07-11T20:35:28.084Z] > command requires scopes: ["email","openid","https://www.googleapis.com/auth/cloudplatformprojects.readonly","https://www.googleapis.com/auth/firebase","https://www.googleapis.com/auth/cloud-platform"]
[debug] [2025-07-11T20:35:28.084Z] > authorizing via signed-in user (peta.herian@gmail.com)
[debug] [2025-07-11T20:35:30.576Z] > command requires scopes: ["email","openid","https://www.googleapis.com/auth/cloudplatformprojects.readonly","https://www.googleapis.com/auth/firebase","https://www.googleapis.com/auth/cloud-platform"]
[debug] [2025-07-11T20:35:30.577Z] > authorizing via signed-in user (peta.herian@gmail.com)
[debug] [2025-07-11T20:35:30.577Z] Checked if tokens are valid: true, expires at: 1752269664315
[debug] [2025-07-11T20:35:30.577Z] Checked if tokens are valid: true, expires at: 1752269664315
[debug] [2025-07-11T20:35:30.577Z] >>> [apiv2][query] POST https://firestore.googleapis.com/v1/projects/club-surveys/databases/(default)/documents:listCollectionIds [none]
[debug] [2025-07-11T20:35:30.578Z] >>> [apiv2][body] POST https://firestore.googleapis.com/v1/projects/club-surveys/databases/(default)/documents:listCollectionIds {"pageSize":2147483647}
[debug] [2025-07-11T20:35:30.798Z] <<< [apiv2][status] POST https://firestore.googleapis.com/v1/projects/club-surveys/databases/(default)/documents:listCollectionIds 200
[debug] [2025-07-11T20:35:30.798Z] <<< [apiv2][body] POST https://firestore.googleapis.com/v1/projects/club-surveys/databases/(default)/documents:listCollectionIds {"collectionIds":["leagues","surveys","teams","users"]}
[debug] [2025-07-11T20:35:55.806Z] > command requires scopes: ["email","openid","https://www.googleapis.com/auth/cloudplatformprojects.readonly","https://www.googleapis.com/auth/firebase","https://www.googleapis.com/auth/cloud-platform"]
[debug] [2025-07-11T20:35:55.806Z] > authorizing via signed-in user (peta.herian@gmail.com)
[debug] [2025-07-11T20:35:55.807Z] Checked if tokens are valid: true, expires at: 1752269664315
[debug] [2025-07-11T20:35:55.807Z] Checked if tokens are valid: true, expires at: 1752269664315
[debug] [2025-07-11T20:35:55.807Z] >>> [apiv2][query] POST https://firestore.googleapis.com/v1/projects/club-surveys/databases/(default)/documents:runQuery [none]
[debug] [2025-07-11T20:35:55.807Z] >>> [apiv2][body] POST https://firestore.googleapis.com/v1/projects/club-surveys/databases/(default)/documents:runQuery {"structuredQuery":{"from":[{"collectionId":"users","allDescendants":false}],"where":{"compositeFilter":{"op":"AND","filters":[]}},"limit":5},"explainOptions":{"analyze":true},"newTransaction":{"readOnly":{"readTime":"2025-07-11T20:35:55.807Z"}}}
[debug] [2025-07-11T20:35:56.088Z] <<< [apiv2][status] POST https://firestore.googleapis.com/v1/projects/club-surveys/databases/(default)/documents:runQuery 200
[debug] [2025-07-11T20:35:56.089Z] <<< [apiv2][body] POST https://firestore.googleapis.com/v1/projects/club-surveys/databases/(default)/documents:runQuery [{"transaction":"EayE90Ts9kJ3IlkAj0wdw3LpGrID4BBy6+QVSjkxxIftI7EZTaCEK6ADEaHoJFIuPcYhNPUrQDWzT7qBiqlLtYs6nNVTsSp83m2HKo1ZI2HxhE0/nliYQP11fnX51DHpvY260w=="},{"document":{"name":"projects/club-surveys/databases/(default)/documents/users/YRIgVySVmggfNfQLyYN0KLTIyxv2","fields":{"uid":{"stringValue":"YRIgVySVmggfNfQLyYN0KLTIyxv2"},"email":{"stringValue":"jim@test.com"},"name":{"stringValue":"Jim Halpert"},"createdAt":{"stringValue":"2024-11-28T09:47:45.808Z"},"teams":{"arrayValue":{"values":[{"mapValue":{"fields":{"teamId":{"stringValue":"uEZO8nf4Y1bi85MAPtlt"},"role":{"stringValue":"poweruser"}}}}]}}},"createTime":"2024-11-28T09:47:45.469834Z","updateTime":"2024-11-28T10:24:43.861965Z"},"readTime":"2025-07-11T20:35:55.807Z"},{"document":{"name":"projects/club-surveys/databases/(default)/documents/users/biuNuvTkfZaKIG6TVqlvT46MzIn2","fields":{"uid":{"stringValue":"biuNuvTkfZaKIG6TVqlvT46MzIn2"},"email":{"stringValue":"heri@test.cz"},"name":{"stringValue":"heri"},"createdAt":{"timestampValue":"2025-03-07T11:48:03.214Z"}},"createTime":"2025-03-07T11:48:03.148340Z","updateTime":"2025-03-07T11:48:03.148340Z"},"readTime":"2025-07-11T20:35:55.807Z"},{"document":{"name":"projects/club-surveys/databases/(default)/documents/users/hEZcnQtZmOO5GtDKcmi5MlNU4CD3","fields":{"uid":{"stringValue":"hEZcnQtZmOO5GtDKcmi5MlNU4CD3"},"email":{"stringValue":"peta@test.com"},"name":{"stringValue":"Peta Herian"},"createdAt":{"stringValue":"2024-11-28T09:44:26.741Z"}},"createTime":"2024-11-28T09:44:26.589336Z","updateTime":"2024-11-28T09:44:26.589336Z"},"readTime":"2025-07-11T20:35:55.807Z"},{"document":{"name":"projects/club-surveys/databases/(default)/documents/users/hVWFsXd8ROgtELRRHndR1BFUEzF3","fields":{"uid":{"stringValue":"hVWFsXd8ROgtELRRHndR1BFUEzF3"},"email":{"stringValue":"herianek@seznam.cz"},"name":{"stringValue":"herianek"},"createdAt":{"timestampValue":"2025-07-11T18:32:42.862Z"}},"createTime":"2025-07-11T18:32:43.514382Z","updateTime":"2025-07-11T18:32:43.514382Z"},"readTime":"2025-07-11T20:35:55.807Z","explainMetrics":{"planSummary":{"indexesUsed":[{"properties":"(__name__ ASC)","query_scope":"Collection"}]},"executionStats":{"resultsReturned":"4","executionDuration":"0.016968s","readOperations":"4","debugStats":{"documents_scanned":"4","billing_details":{"index_entries_billable":"0","documents_billable":"4","small_ops":"0","min_query_cost":"0"},"index_entries_scanned":"4"}}}}]
[debug] [2025-07-11T20:35:58.214Z] > command requires scopes: ["email","openid","https://www.googleapis.com/auth/cloudplatformprojects.readonly","https://www.googleapis.com/auth/firebase","https://www.googleapis.com/auth/cloud-platform"]
[debug] [2025-07-11T20:35:58.215Z] > authorizing via signed-in user (peta.herian@gmail.com)
[debug] [2025-07-11T20:35:58.215Z] Checked if tokens are valid: true, expires at: 1752269664315
[debug] [2025-07-11T20:35:58.215Z] Checked if tokens are valid: true, expires at: 1752269664315
[debug] [2025-07-11T20:35:58.215Z] >>> [apiv2][query] POST https://firestore.googleapis.com/v1/projects/club-surveys/databases/(default)/documents:runQuery [none]
[debug] [2025-07-11T20:35:58.215Z] >>> [apiv2][body] POST https://firestore.googleapis.com/v1/projects/club-surveys/databases/(default)/documents:runQuery {"structuredQuery":{"from":[{"collectionId":"surveys","allDescendants":false}],"where":{"compositeFilter":{"op":"AND","filters":[]}},"limit":5},"explainOptions":{"analyze":true},"newTransaction":{"readOnly":{"readTime":"2025-07-11T20:35:58.215Z"}}}
[debug] [2025-07-11T20:35:58.326Z] <<< [apiv2][status] POST https://firestore.googleapis.com/v1/projects/club-surveys/databases/(default)/documents:runQuery 200
[debug] [2025-07-11T20:35:58.326Z] <<< [apiv2][body] POST https://firestore.googleapis.com/v1/projects/club-surveys/databases/(default)/documents:runQuery [{"transaction":"EdyX8V5Vie60IlkAj0wdw4ppckp3dfpLdle7XuXv2niCUBOjW+f4sEQaib9F1CJoTpF61WtZNtI4t11oLpU1+tSxt2IfFrpVby9SOdr2JVy8644odmgl0OKfi+mLwZbmtthQtg=="},{"document":{"name":"projects/club-surveys/databases/(default)/documents/surveys/KCiINXs7jgjm0WbeNJO5","fields":{"createdDate":{"stringValue":"1732778231087"},"date":{"stringValue":"1111-11-11"},"time":{"stringValue":"11:11"},"dateTime":{"timestampValue":"1111-11-11T10:13:16Z"},"description":{"stringValue":"sfasdf"},"teamId":{"stringValue":"vBVMpKwQH2V5xiRdeCsQ"},"title":{"stringValue":"Tréninka"},"type":{"stringValue":"Training"},"votes":{"arrayValue":{"values":[{"mapValue":{"fields":{"userUid":{"stringValue":"hEZcnQtZmOO5GtDKcmi5MlNU4CD3"},"vote":{"booleanValue":true}}}},{"mapValue":{"fields":{"vote":{"booleanValue":false},"userUid":{"stringValue":"YRIgVySVmggfNfQLyYN0KLTIyxv2"}}}}]}}},"createTime":"2024-11-28T07:17:11.253713Z","updateTime":"2025-03-27T09:41:28.905834Z"},"readTime":"2025-07-11T20:35:58.215Z"},{"document":{"name":"projects/club-surveys/databases/(default)/documents/surveys/OvBy66DIGdtzcMNBcfl8","fields":{"createdDate":{"stringValue":"1742995173297"},"date":{"stringValue":"2025-03-26"},"time":{"stringValue":"19:00"},"title":{"stringValue":"eee"},"dateTime":{"timestampValue":"2025-03-26T18:00:00Z"},"description":{"stringValue":"eee"},"teamId":{"stringValue":"4tVu2uU50h5y6DT0fsno"},"type":{"stringValue":"Training"},"votes":{"arrayValue":{"values":[{"mapValue":{"fields":{"userUid":{"stringValue":"YRIgVySVmggfNfQLyYN0KLTIyxv2"},"vote":{"booleanValue":true}}}}]}}},"createTime":"2025-03-26T13:19:32.662153Z","updateTime":"2025-04-11T10:25:29.061814Z"},"readTime":"2025-07-11T20:35:58.215Z"},{"document":{"name":"projects/club-surveys/databases/(default)/documents/surveys/Pp02K25q8VrTxszoU82z","fields":{"votes":{"arrayValue":{}},"title":{"stringValue":"Nejnovejsi "},"description":{"stringValue":"trelba na pepika"},"date":{"stringValue":"2025-03-27"},"time":{"stringValue":"19:00"},"dateTime":{"timestampValue":"2025-03-27T18:00:00Z"},"teamId":{"stringValue":"4tVu2uU50h5y6DT0fsno"},"createdDate":{"stringValue":"1743069797715"},"type":{"stringValue":"Training"}},"createTime":"2025-03-27T10:03:18.336841Z","updateTime":"2025-04-04T12:24:18.142760Z"},"readTime":"2025-07-11T20:35:58.215Z"},{"document":{"name":"projects/club-surveys/databases/(default)/documents/surveys/enbpQ9sRjQjziM2bFq1i","fields":{"createdDate":{"stringValue":"1742995020227"},"date":{"stringValue":"2025-03-26"},"time":{"stringValue":"19:00"},"title":{"stringValue":"asdf"},"dateTime":{"timestampValue":"2025-03-26T18:00:00Z"},"description":{"stringValue":"asdf"},"teamId":{"stringValue":"4tVu2uU50h5y6DT0fsno"},"votes":{"arrayValue":{"values":[{"mapValue":{"fields":{"userUid":{"stringValue":"YRIgVySVmggfNfQLyYN0KLTIyxv2"},"vote":{"booleanValue":true}}}}]}},"type":{"stringValue":"Training"}},"createTime":"2025-03-26T13:16:59.607586Z","updateTime":"2025-04-04T12:24:23.571618Z"},"readTime":"2025-07-11T20:35:58.215Z"},{"document":{"name":"projects/club-surveys/databases/(default)/documents/surveys/nlGESXhUzqY4vmezXHfI","fields":{"title":{"stringValue":"aaaaaaaaaaaa"},"description":{"stringValue":"saggsdff"},"date":{"stringValue":"2025-04-04"},"time":{"stringValue":"19:00"},"dateTime":{"timestampValue":"2025-04-04T17:00:00Z"},"teamId":{"stringValue":"4tVu2uU50h5y6DT0fsno"},"type":{"stringValue":"Match"},"createdDate":{"stringValue":"1743770831758"},"votes":{"arrayValue":{"values":[{"mapValue":{"fields":{"userUid":{"stringValue":"YRIgVySVmggfNfQLyYN0KLTIyxv2"},"vote":{"booleanValue":true}}}}]}}},"createTime":"2025-04-04T12:47:10.464616Z","updateTime":"2025-04-11T10:25:32.732694Z"},"readTime":"2025-07-11T20:35:58.215Z","explainMetrics":{"planSummary":{"indexesUsed":[{"query_scope":"Collection","properties":"(__name__ ASC)"}]},"executionStats":{"resultsReturned":"5","executionDuration":"0.008575s","readOperations":"5","debugStats":{"billing_details":{"documents_billable":"5","small_ops":"0","min_query_cost":"0","index_entries_billable":"0"},"index_entries_scanned":"6","documents_scanned":"5"}}}}]
[debug] [2025-07-11T20:35:59.312Z] > command requires scopes: ["email","openid","https://www.googleapis.com/auth/cloudplatformprojects.readonly","https://www.googleapis.com/auth/firebase","https://www.googleapis.com/auth/cloud-platform"]
[debug] [2025-07-11T20:35:59.312Z] > authorizing via signed-in user (peta.herian@gmail.com)
[debug] [2025-07-11T20:35:59.313Z] Checked if tokens are valid: true, expires at: 1752269664315
[debug] [2025-07-11T20:35:59.313Z] Checked if tokens are valid: true, expires at: 1752269664315
[debug] [2025-07-11T20:35:59.313Z] >>> [apiv2][query] POST https://firestore.googleapis.com/v1/projects/club-surveys/databases/(default)/documents:runQuery [none]
[debug] [2025-07-11T20:35:59.313Z] >>> [apiv2][body] POST https://firestore.googleapis.com/v1/projects/club-surveys/databases/(default)/documents:runQuery {"structuredQuery":{"from":[{"collectionId":"teams","allDescendants":false}],"where":{"compositeFilter":{"op":"AND","filters":[]}},"limit":5},"explainOptions":{"analyze":true},"newTransaction":{"readOnly":{"readTime":"2025-07-11T20:35:59.312Z"}}}
[debug] [2025-07-11T20:35:59.381Z] <<< [apiv2][status] POST https://firestore.googleapis.com/v1/projects/club-surveys/databases/(default)/documents:runQuery 200
[debug] [2025-07-11T20:35:59.381Z] <<< [apiv2][body] POST https://firestore.googleapis.com/v1/projects/club-surveys/databases/(default)/documents:runQuery [{"transaction":"ETKlNoS5WdUiIlkAj0wdw+y+BlDBJMWel9SyvBKPy1WBGhH9ixcbQdBq2Y7ZIREf85YU219+Ik9AL0g0Q56n73v6NXHbq4xaR7oUXBv5BBNGzO4wEHqfinHMKzoVnJSKVC/gLA=="},{"document":{"name":"projects/club-surveys/databases/(default)/documents/teams/4tVu2uU50h5y6DT0fsno","fields":{"surveys":{"arrayValue":{}},"name":{"stringValue":"Vinoř"},"creator":{"stringValue":"YRIgVySVmggfNfQLyYN0KLTIyxv2"},"powerusers":{"arrayValue":{"values":[{"stringValue":"YRIgVySVmggfNfQLyYN0KLTIyxv2"}]}},"invitationCode":{"stringValue":"SM1PDH"},"members":{"arrayValue":{"values":[{"stringValue":"YRIgVySVmggfNfQLyYN0KLTIyxv2"}]}}},"createTime":"2024-12-04T12:57:50.076316Z","updateTime":"2024-12-04T20:58:37.076296Z"},"readTime":"2025-07-11T20:35:59.312Z"},{"document":{"name":"projects/club-surveys/databases/(default)/documents/teams/RUCQ33lbP9bky8k1eYbt","fields":{"surveys":{"arrayValue":{}},"name":{"stringValue":"Bohemka"},"creator":{"stringValue":"YRIgVySVmggfNfQLyYN0KLTIyxv2"},"powerusers":{"arrayValue":{"values":[{"stringValue":"YRIgVySVmggfNfQLyYN0KLTIyxv2"}]}},"members":{"arrayValue":{"values":[{"stringValue":"YRIgVySVmggfNfQLyYN0KLTIyxv2"}]}},"invitationCode":{"stringValue":"UY8OE9"}},"createTime":"2024-12-04T12:30:50.253956Z","updateTime":"2024-12-04T12:30:50.253956Z"},"readTime":"2025-07-11T20:35:59.312Z"},{"document":{"name":"projects/club-surveys/databases/(default)/documents/teams/ZT1KbriwPZJBGkyX0Uvs","fields":{"name":{"stringValue":"Xaverov"},"creator":{"stringValue":"hVWFsXd8ROgtELRRHndR1BFUEzF3"},"powerusers":{"arrayValue":{"values":[{"stringValue":"hVWFsXd8ROgtELRRHndR1BFUEzF3"}]}},"members":{"arrayValue":{"values":[{"stringValue":"hVWFsXd8ROgtELRRHndR1BFUEzF3"}]}},"invitationCode":{"stringValue":"RKQJJZ"},"surveys":{"arrayValue":{}}},"createTime":"2025-07-11T18:35:55.630843Z","updateTime":"2025-07-11T18:35:55.630843Z"},"readTime":"2025-07-11T20:35:59.312Z"},{"document":{"name":"projects/club-surveys/databases/(default)/documents/teams/qaaRUE8I6HOAJa0QSGPE","fields":{"name":{"stringValue":"Mnecholupy"},"creator":{"stringValue":"hVWFsXd8ROgtELRRHndR1BFUEzF3"},"powerusers":{"arrayValue":{"values":[{"stringValue":"hVWFsXd8ROgtELRRHndR1BFUEzF3"}]}},"members":{"arrayValue":{"values":[{"stringValue":"hVWFsXd8ROgtELRRHndR1BFUEzF3"}]}},"invitationCode":{"stringValue":"Z1218Y"},"surveys":{"arrayValue":{}}},"createTime":"2025-07-11T19:23:41.691454Z","updateTime":"2025-07-11T19:23:41.691454Z"},"readTime":"2025-07-11T20:35:59.312Z"},{"document":{"name":"projects/club-surveys/databases/(default)/documents/teams/vBVMpKwQH2V5xiRdeCsQ","fields":{"name":{"stringValue":"Xaverov"},"creator":{"stringValue":"YRIgVySVmggfNfQLyYN0KLTIyxv2"},"powerusers":{"arrayValue":{"values":[{"stringValue":"YRIgVySVmggfNfQLyYN0KLTIyxv2"}]}},"invitationCode":{"stringValue":"3KJ0PK"},"surveys":{"arrayValue":{"values":[{"stringValue":"KCiINXs7jgjm0WbeNJO5"}]}},"members":{"arrayValue":{"values":[{"stringValue":"YRIgVySVmggfNfQLyYN0KLTIyxv2"},{"stringValue":"hEZcnQtZmOO5GtDKcmi5MlNU4CD3"}]}}},"createTime":"2024-11-28T13:31:08.884968Z","updateTime":"2024-12-04T20:58:43.245918Z"},"readTime":"2025-07-11T20:35:59.312Z","explainMetrics":{"planSummary":{"indexesUsed":[{"properties":"(__name__ ASC)","query_scope":"Collection"}]},"executionStats":{"resultsReturned":"5","executionDuration":"0.018478s","readOperations":"5","debugStats":{"billing_details":{"small_ops":"0","min_query_cost":"0","index_entries_billable":"0","documents_billable":"5"},"documents_scanned":"5","index_entries_scanned":"5"}}}}]
[debug] [2025-07-11T20:36:00.103Z] > command requires scopes: ["email","openid","https://www.googleapis.com/auth/cloudplatformprojects.readonly","https://www.googleapis.com/auth/firebase","https://www.googleapis.com/auth/cloud-platform"]
[debug] [2025-07-11T20:36:00.103Z] > authorizing via signed-in user (peta.herian@gmail.com)
[debug] [2025-07-11T20:36:00.104Z] Checked if tokens are valid: true, expires at: 1752269664315
[debug] [2025-07-11T20:36:00.104Z] Checked if tokens are valid: true, expires at: 1752269664315
[debug] [2025-07-11T20:36:00.104Z] >>> [apiv2][query] POST https://firestore.googleapis.com/v1/projects/club-surveys/databases/(default)/documents:runQuery [none]
[debug] [2025-07-11T20:36:00.104Z] >>> [apiv2][body] POST https://firestore.googleapis.com/v1/projects/club-surveys/databases/(default)/documents:runQuery {"structuredQuery":{"from":[{"collectionId":"leagues","allDescendants":false}],"where":{"compositeFilter":{"op":"AND","filters":[]}},"limit":5},"explainOptions":{"analyze":true},"newTransaction":{"readOnly":{"readTime":"2025-07-11T20:36:00.103Z"}}}
[debug] [2025-07-11T20:36:00.177Z] <<< [apiv2][status] POST https://firestore.googleapis.com/v1/projects/club-surveys/databases/(default)/documents:runQuery 200
[debug] [2025-07-11T20:36:00.177Z] <<< [apiv2][body] POST https://firestore.googleapis.com/v1/projects/club-surveys/databases/(default)/documents:runQuery [{"transaction":"EZ53b4Eunb0CIlkAj0wdw8yTkuF+WkH9Uj5su2ALOEAuwp5VNZ5GMX4eej4FpKiP0M5FqYtspotwoa66YCgsr8JSYqTT5qotf/Ekxl3P0heSkheqh15R0L5glmxQgUj6CmkvnA=="},{"document":{"name":"projects/club-surveys/databases/(default)/documents/leagues/kZ5aLNk5KZp3u7cok1Tp","fields":{"Name":{"stringValue":"1.A Třída"}},"createTime":"2025-01-17T20:35:42.195518Z","updateTime":"2025-01-17T20:45:48.684987Z"},"readTime":"2025-07-11T20:36:00.103Z","explainMetrics":{"planSummary":{"indexesUsed":[{"properties":"(__name__ ASC)","query_scope":"Collection"}]},"executionStats":{"resultsReturned":"1","executionDuration":"0.015740s","readOperations":"1","debugStats":{"documents_scanned":"1","billing_details":{"min_query_cost":"0","small_ops":"0","index_entries_billable":"0","documents_billable":"1"},"index_entries_scanned":"1"}}}}]
